TN:
SF:config.js
FNF:0
FNH:0
DA:1,1
DA:2,1
DA:3,1
DA:4,1
DA:5,1
DA:6,1
DA:7,1
DA:8,1
DA:9,1
DA:10,1
DA:11,1
DA:12,1
DA:13,1
DA:14,1
DA:15,1
DA:16,1
DA:17,1
DA:18,1
DA:19,1
DA:20,1
DA:21,1
DA:22,1
DA:23,1
DA:24,1
DA:25,1
DA:26,1
DA:27,1
DA:28,1
DA:29,1
DA:30,1
DA:31,1
DA:32,1
DA:33,1
DA:34,1
DA:35,1
DA:36,1
DA:37,1
DA:38,1
DA:39,1
DA:40,0
DA:41,0
DA:42,1
DA:43,1
LF:43
LH:41
BRDA:7,0,0,0
BRDA:39,1,0,0
BRF:2
BRH:0
end_of_record
TN:
SF:logger.js
FNF:0
FNH:0
DA:1,1
DA:2,1
DA:3,1
DA:4,1
DA:5,1
DA:6,1
DA:7,1
DA:8,1
DA:9,1
DA:10,1
DA:11,1
DA:12,1
DA:13,1
DA:14,1
DA:15,1
DA:16,1
LF:16
LH:16
BRF:0
BRH:0
end_of_record
TN:
SF:src\app\v1\controllers\user.controller.js
FN:2,ownKeys
FN:2,_objectSpread
FN:2,_defineProperty
FN:2,_toPropertyKey
FN:2,_toPrimitive
FN:2,asyncGeneratorStep
FN:2,_asyncToGenerator
FN:2,_next
FN:2,_throw
FN:8,registerUser
FN:9,_registerUser
FN:34,loginUser
FN:35,_loginUser
FN:35,_callee2
FN:35,_callee2$
FN:62,getMovies
FN:63,_getMovies
FN:63,_callee3
FN:63,_callee3$
FN:77,bookMovie
FN:78,_bookMovie
FN:93,cancelBooking
FN:94,_cancelBooking
FN:108,getShowTimes
FN:109,_getShowTimes
FN:123,getTheaters
FN:124,_getTheaters
FN:138,submitFeedback
FN:139,_submitFeedback
FN:153,getBookings
FN:154,_getBookings
FN:168,getSeats
FN:169,_getSeats
FN:183,getTheaterTimeMovieId
FN:184,_getTheaterTimeMovieId
FN:200,getMoviesByGenre
FN:201,_getMoviesByGenre
FNF:37
FNH:12
FNDA:0,ownKeys
FNDA:0,_objectSpread
FNDA:0,_defineProperty
FNDA:0,_toPropertyKey
FNDA:0,_toPrimitive
FNDA:6,asyncGeneratorStep
FNDA:2,_asyncToGenerator
FNDA:5,_next
FNDA:1,_throw
FNDA:0,registerUser
FNDA:0,_registerUser
FNDA:2,loginUser
FNDA:1,_loginUser
FNDA:2,_callee2
FNDA:5,_callee2$
FNDA:1,getMovies
FNDA:1,_getMovies
FNDA:1,_callee3
FNDA:2,_callee3$
FNDA:0,bookMovie
FNDA:0,_bookMovie
FNDA:0,cancelBooking
FNDA:0,_cancelBooking
FNDA:0,getShowTimes
FNDA:0,_getShowTimes
FNDA:0,getTheaters
FNDA:0,_getTheaters
FNDA:0,submitFeedback
FNDA:0,_submitFeedback
FNDA:0,getBookings
FNDA:0,_getBookings
FNDA:0,getSeats
FNDA:0,_getSeats
FNDA:0,getTheaterTimeMovieId
FNDA:0,_getTheaterTimeMovieId
FNDA:0,getMoviesByGenre
FNDA:0,_getMoviesByGenre
DA:1,1
DA:2,1
DA:3,1
DA:4,1
DA:5,1
DA:6,1
DA:7,1
DA:8,0
DA:9,1
DA:10,0
DA:11,0
DA:12,0
DA:13,0
DA:14,0
DA:15,0
DA:16,0
DA:17,0
DA:18,0
DA:19,0
DA:20,0
DA:21,0
DA:22,0
DA:23,0
DA:24,0
DA:25,0
DA:26,0
DA:27,0
DA:28,0
DA:29,0
DA:30,0
DA:31,0
DA:32,0
DA:33,0
DA:34,2
DA:35,1
DA:36,2
DA:37,2
DA:38,2
DA:39,1
DA:40,1
DA:41,1
DA:42,1
DA:43,1
DA:44,1
DA:45,1
DA:46,1
DA:47,1
DA:48,1
DA:49,1
DA:50,1
DA:51,1
DA:52,1
DA:53,1
DA:54,1
DA:55,1
DA:56,0
DA:57,0
DA:58,0
DA:59,5
DA:60,1
DA:61,1
DA:62,1
DA:63,1
DA:64,1
DA:65,1
DA:66,1
DA:67,1
DA:68,0
DA:69,0
DA:70,0
DA:71,0
DA:72,0
DA:73,0
DA:74,3
DA:75,1
DA:76,1
DA:77,0
DA:78,1
DA:79,0
DA:80,0
DA:81,0
DA:82,0
DA:83,0
DA:84,0
DA:85,0
DA:86,0
DA:87,0
DA:88,0
DA:89,0
DA:90,0
DA:91,0
DA:92,0
DA:93,0
DA:94,1
DA:95,0
DA:96,0
DA:97,0
DA:98,0
DA:99,0
DA:100,0
DA:101,0
DA:102,0
DA:103,0
DA:104,0
DA:105,0
DA:106,0
DA:107,0
DA:108,0
DA:109,1
DA:110,0
DA:111,0
DA:112,0
DA:113,0
DA:114,0
DA:115,0
DA:116,0
DA:117,0
DA:118,0
DA:119,0
DA:120,0
DA:121,0
DA:122,0
DA:123,0
DA:124,1
DA:125,0
DA:126,0
DA:127,0
DA:128,0
DA:129,0
DA:130,0
DA:131,0
DA:132,0
DA:133,0
DA:134,0
DA:135,0
DA:136,0
DA:137,0
DA:138,0
DA:139,1
DA:140,0
DA:141,0
DA:142,0
DA:143,0
DA:144,0
DA:145,0
DA:146,0
DA:147,0
DA:148,0
DA:149,0
DA:150,0
DA:151,0
DA:152,0
DA:153,0
DA:154,1
DA:155,0
DA:156,0
DA:157,0
DA:158,0
DA:159,0
DA:160,0
DA:161,0
DA:162,0
DA:163,0
DA:164,0
DA:165,0
DA:166,0
DA:167,0
DA:168,0
DA:169,1
DA:170,0
DA:171,0
DA:172,0
DA:173,0
DA:174,0
DA:175,0
DA:176,0
DA:177,0
DA:178,0
DA:179,0
DA:180,0
DA:181,0
DA:182,0
DA:183,0
DA:184,1
DA:185,0
DA:186,0
DA:187,0
DA:188,0
DA:189,0
DA:190,0
DA:191,0
DA:192,0
DA:193,0
DA:194,0
DA:195,0
DA:196,0
DA:197,0
DA:198,0
DA:199,0
DA:200,0
DA:201,1
DA:202,0
DA:203,0
DA:204,0
DA:205,0
DA:206,0
DA:207,0
DA:208,0
DA:209,0
DA:210,0
DA:211,0
LF:211
LH:51
BRDA:2,0,0,6
BRDA:2,1,0,0
BRDA:2,2,0,3
BRDA:2,3,0,3
BRDA:2,4,0,2
BRDA:2,5,0,3
BRDA:2,6,0,3
BRDA:2,7,0,5
BRDA:2,8,0,1
BRDA:34,9,0,2
BRDA:35,10,0,1
BRDA:35,11,0,2
BRDA:35,12,0,5
BRDA:35,13,0,2
BRDA:38,14,0,1
BRDA:51,15,0,1
BRDA:55,16,0,0
BRDA:59,17,0,1
BRDA:59,18,0,2
BRDA:62,19,0,1
BRDA:63,20,0,1
BRDA:63,21,0,1
BRDA:63,22,0,2
BRDA:63,23,0,3
BRDA:63,24,0,1
BRDA:65,25,0,1
BRDA:68,26,0,0
BRDA:74,27,0,1
BRDA:74,28,0,1
BRF:29
BRH:26
end_of_record
TN:
SF:src\app\v1\models\user.model.js
FN:2,_slicedToArray
FN:2,_nonIterableRest
FN:2,_unsupportedIterableToArray
FN:2,_arrayLikeToArray
FN:2,_iterableToArrayLimit
FN:2,_arrayWithHoles
FN:2,asyncGeneratorStep
FN:2,_asyncToGenerator
FN:2,_classCallCheck
FN:2,_defineProperties
FN:2,_createClass
FN:2,_toPropertyKey
FN:2,_toPrimitive
FN:7,User
FN:8,_callee
FN:20,_callee2
FN:46,_callee3
FN:87,_callee4
FN:101,_callee5
FN:132,_callee6
FN:158,_callee7
FN:172,_callee8
FN:191,_callee9
FN:208,_callee10
FN:227,_callee11
FN:242,_callee12
FN:257,_callee13
FN:272,_callee14
FNF:28
FNH:5
FNDA:0,_slicedToArray
FNDA:0,_nonIterableRest
FNDA:0,_unsupportedIterableToArray
FNDA:0,_arrayLikeToArray
FNDA:0,_iterableToArrayLimit
FNDA:0,_arrayWithHoles
FNDA:0,asyncGeneratorStep
FNDA:14,_asyncToGenerator
FNDA:0,_classCallCheck
FNDA:1,_defineProperties
FNDA:1,_createClass
FNDA:14,_toPropertyKey
FNDA:14,_toPrimitive
FNDA:0,User
FNDA:0,_callee
FNDA:0,_callee2
FNDA:0,_callee3
FNDA:0,_callee4
FNDA:0,_callee5
FNDA:0,_callee6
FNDA:0,_callee7
FNDA:0,_callee8
FNDA:0,_callee9
FNDA:0,_callee10
FNDA:0,_callee11
FNDA:0,_callee12
FNDA:0,_callee13
FNDA:0,_callee14
DA:1,1
DA:2,0
DA:3,1
DA:4,1
DA:5,1
DA:6,1
DA:7,1
DA:8,1
DA:9,1
DA:10,1
DA:11,1
DA:12,1
DA:13,1
DA:14,1
DA:15,1
DA:16,1
DA:17,1
DA:18,1
DA:19,1
DA:20,1
DA:21,1
DA:22,1
DA:23,1
DA:24,1
DA:25,1
DA:26,1
DA:27,1
DA:28,1
DA:29,1
DA:30,1
DA:31,1
DA:32,1
DA:33,1
DA:34,1
DA:35,1
DA:36,1
DA:37,1
DA:38,1
DA:39,1
DA:40,1
DA:41,1
DA:42,1
DA:43,1
DA:44,1
DA:45,1
DA:46,1
DA:47,1
DA:48,1
DA:49,1
DA:50,1
DA:51,1
DA:52,1
DA:53,1
DA:54,1
DA:55,1
DA:56,1
DA:57,1
DA:58,1
DA:59,1
DA:60,1
DA:61,1
DA:62,1
DA:63,1
DA:64,1
DA:65,1
DA:66,1
DA:67,1
DA:68,1
DA:69,1
DA:70,1
DA:71,1
DA:72,1
DA:73,1
DA:74,1
DA:75,1
DA:76,1
DA:77,1
DA:78,1
DA:79,1
DA:80,1
DA:81,1
DA:82,1
DA:83,1
DA:84,1
DA:85,1
DA:86,1
DA:87,1
DA:88,1
DA:89,1
DA:90,1
DA:91,1
DA:92,1
DA:93,1
DA:94,1
DA:95,1
DA:96,1
DA:97,1
DA:98,1
DA:99,1
DA:100,1
DA:101,1
DA:102,1
DA:103,1
DA:104,1
DA:105,1
DA:106,1
DA:107,1
DA:108,1
DA:109,1
DA:110,1
DA:111,1
DA:112,1
DA:113,1
DA:114,1
DA:115,1
DA:116,1
DA:117,1
DA:118,1
DA:119,1
DA:120,1
DA:121,1
DA:122,1
DA:123,1
DA:124,1
DA:125,1
DA:126,1
DA:127,1
DA:128,1
DA:129,1
DA:130,1
DA:131,1
DA:132,1
DA:133,1
DA:134,1
DA:135,1
DA:136,1
DA:137,1
DA:138,1
DA:139,1
DA:140,1
DA:141,1
DA:142,1
DA:143,1
DA:144,1
DA:145,1
DA:146,1
DA:147,1
DA:148,1
DA:149,1
DA:150,1
DA:151,1
DA:152,1
DA:153,1
DA:154,1
DA:155,1
DA:156,1
DA:157,1
DA:158,1
DA:159,1
DA:160,1
DA:161,1
DA:162,1
DA:163,1
DA:164,1
DA:165,1
DA:166,1
DA:167,1
DA:168,1
DA:169,1
DA:170,1
DA:171,1
DA:172,1
DA:173,1
DA:174,1
DA:175,1
DA:176,1
DA:177,1
DA:178,1
DA:179,1
DA:180,1
DA:181,1
DA:182,1
DA:183,1
DA:184,1
DA:185,1
DA:186,1
DA:187,1
DA:188,1
DA:189,1
DA:190,1
DA:191,1
DA:192,1
DA:193,1
DA:194,1
DA:195,1
DA:196,1
DA:197,1
DA:198,1
DA:199,1
DA:200,1
DA:201,1
DA:202,1
DA:203,1
DA:204,1
DA:205,1
DA:206,1
DA:207,1
DA:208,1
DA:209,1
DA:210,1
DA:211,1
DA:212,1
DA:213,1
DA:214,1
DA:215,1
DA:216,1
DA:217,1
DA:218,1
DA:219,1
DA:220,1
DA:221,1
DA:222,1
DA:223,1
DA:224,1
DA:225,1
DA:226,1
DA:227,1
DA:228,1
DA:229,1
DA:230,1
DA:231,1
DA:232,1
DA:233,1
DA:234,1
DA:235,1
DA:236,1
DA:237,1
DA:238,1
DA:239,1
DA:240,1
DA:241,1
DA:242,1
DA:243,1
DA:244,1
DA:245,1
DA:246,1
DA:247,1
DA:248,1
DA:249,1
DA:250,1
DA:251,1
DA:252,1
DA:253,1
DA:254,1
DA:255,1
DA:256,1
DA:257,1
DA:258,1
DA:259,1
DA:260,1
DA:261,1
DA:262,1
DA:263,1
DA:264,1
DA:265,1
DA:266,1
DA:267,1
DA:268,1
DA:269,1
DA:270,1
DA:271,1
DA:272,1
DA:273,0
DA:274,0
DA:275,0
DA:276,0
DA:277,0
DA:278,0
DA:279,0
DA:280,0
DA:281,0
DA:282,0
DA:283,1
DA:284,1
DA:285,1
DA:286,1
DA:287,1
DA:288,1
LF:288
LH:277
BRDA:2,0,0,14
BRDA:2,1,0,1
BRDA:2,2,0,14
BRDA:2,3,0,1
BRDA:2,4,0,0
BRDA:2,5,0,14
BRDA:2,6,0,0
BRDA:2,7,0,14
BRDA:2,8,0,0
BRDA:2,9,0,0
BRDA:2,10,0,0
BRDA:7,11,0,1
BRDA:7,12,0,1
BRDA:8,13,0,1
BRDA:20,14,0,1
BRDA:46,15,0,1
BRDA:87,16,0,1
BRDA:101,17,0,1
BRDA:132,18,0,1
BRDA:158,19,0,1
BRDA:172,20,0,1
BRDA:191,21,0,1
BRDA:208,22,0,1
BRDA:227,23,0,1
BRDA:242,24,0,1
BRDA:257,25,0,1
BRF:26
BRH:21
end_of_record
TN:
SF:src\app\v1\utils\dbConnection.js
FN:2,_slicedToArray
FN:2,_nonIterableRest
FN:2,_unsupportedIterableToArray
FN:2,_arrayLikeToArray
FN:2,_iterableToArrayLimit
FN:2,_arrayWithHoles
FN:2,asyncGeneratorStep
FN:2,_asyncToGenerator
FN:2,_next
FN:2,_throw
FN:13,_callee
FN:13,_callee$
FNF:12
FNH:5
FNDA:0,_slicedToArray
FNDA:0,_nonIterableRest
FNDA:0,_unsupportedIterableToArray
FNDA:0,_arrayLikeToArray
FNDA:0,_iterableToArrayLimit
FNDA:0,_arrayWithHoles
FNDA:2,asyncGeneratorStep
FNDA:1,_asyncToGenerator
FNDA:2,_next
FNDA:0,_throw
FNDA:1,_callee
FNDA:2,_callee$
DA:1,1
DA:2,0
DA:3,1
DA:4,1
DA:5,1
DA:6,1
DA:7,1
DA:8,1
DA:9,1
DA:10,1
DA:11,1
DA:12,1
DA:13,1
DA:14,1
DA:15,1
DA:16,1
DA:17,1
DA:18,0
DA:19,0
DA:20,0
DA:21,0
DA:22,2
DA:23,1
DA:24,1
DA:25,1
DA:26,1
LF:26
LH:21
BRDA:2,0,0,2
BRDA:2,1,0,0
BRDA:2,2,0,0
BRDA:2,3,0,1
BRDA:2,4,0,1
BRDA:2,5,0,1
BRDA:2,6,0,2
BRDA:13,7,0,1
BRDA:13,8,0,2
BRDA:13,9,0,1
BRDA:15,10,0,1
BRDA:17,11,0,0
BRDA:18,12,0,0
BRDA:19,13,0,0
BRDA:22,14,0,0
BRDA:22,15,0,0
BRF:16
BRH:9
end_of_record
